<?xml version="1.0" encoding="UTF-8"?>
<testng-results skipped="0" failed="1" total="1" passed="0">
  <reporter-output>
  </reporter-output>
  <suite name="Default suite" duration-ms="197363" started-at="2018-01-03T12:12:23Z" finished-at="2018-01-03T12:15:40Z">
    <groups>
    </groups>
    <test name="Default test" duration-ms="197363" started-at="2018-01-03T12:12:23Z" finished-at="2018-01-03T12:15:40Z">
      <class name="com.testcases.VerifyPreviewNetIncomeSum">
        <test-method status="PASS" signature="accessBSC()[pri:0, instance:com.testcases.VerifyPreviewNetIncomeSum@706a04ae]" name="accessBSC" is-config="true" duration-ms="102640" started-at="2018-01-03T17:42:23Z" finished-at="2018-01-03T17:44:05Z">
          <reporter-output>
          </reporter-output>
        </test-method> <!-- accessBSC -->
        <test-method status="FAIL" signature="verifyPreviewNetIncomeSum(java.util.Hashtable)[pri:0, instance:com.testcases.VerifyPreviewNetIncomeSum@706a04ae]" name="verifyPreviewNetIncomeSum" duration-ms="92622" started-at="2018-01-03T17:44:08Z" data-provider="getData" finished-at="2018-01-03T17:45:40Z">
          <params>
            <param index="0">
              <value>
                <![CDATA[{Home=Germany, Berlin, AtcType3=Fixed Amount, AtcType2=Fixed Amount, AtcType1=% of Gross Base Pay, TdcType3=NA, CompensationCurrency=EUR, TdcType2=NA, BasePayIs=Gross, TdcType1=Fixed Amount, AtcLabel3=ATC3, AtcLabel2=ATC2, Runmode=Y, AnnualBasePayAmount=700000, AtcLabel1=ATC1, TdcLabel3=NA, TdcLabel2=NA, TdcLabel1=TDC1, AtcValue3=25000, AtcValue2=6000, AtcValue1=10, Host=Australia, Darwin, TdcValue3=NA, TdcValue2=NA, TdcValue1=8000}]]>
              </value>
            </param>
          </params>
          <exception class="org.openqa.selenium.TimeoutException">
            <message>
              <![CDATA[Expected condition failed: waiting for visibility of element located by By.xpath: //*[@id='firstView']/div[4]/div[6]/div (tried for 80 second(s) with 500 MILLISECONDS interval)]]>
            </message>
            <full-stacktrace>
              <![CDATA[org.openqa.selenium.TimeoutException: Expected condition failed: waiting for visibility of element located by By.xpath: //*[@id='firstView']/div[4]/div[6]/div (tried for 80 second(s) with 500 MILLISECONDS interval)
	at org.openqa.selenium.support.ui.WebDriverWait.timeoutException(WebDriverWait.java:80)
	at org.openqa.selenium.support.ui.FluentWait.until(FluentWait.java:232)
	at com.base.GenericActions.isElementPresent(GenericActions.java:85)
	at com.base.GenericActions.getElement(GenericActions.java:152)
	at com.testcases.VerifyPreviewNetIncomeSum.verifyPreviewNetIncomeSum(VerifyPreviewNetIncomeSum.java:62)
	at sun.reflect.NativeMethodAccessorImpl.invoke0(Native Method)
	at sun.reflect.NativeMethodAccessorImpl.invoke(NativeMethodAccessorImpl.java:62)
	at sun.reflect.DelegatingMethodAccessorImpl.invoke(DelegatingMethodAccessorImpl.java:43)
	at java.lang.reflect.Method.invoke(Method.java:498)
	at org.testng.internal.MethodInvocationHelper.invokeMethod(MethodInvocationHelper.java:80)
	at org.testng.internal.Invoker.invokeMethod(Invoker.java:714)
	at org.testng.internal.Invoker.invokeTestMethod(Invoker.java:901)
	at org.testng.internal.Invoker.invokeTestMethods(Invoker.java:1231)
	at org.testng.internal.TestMethodWorker.invokeTestMethods(TestMethodWorker.java:127)
	at org.testng.internal.TestMethodWorker.run(TestMethodWorker.java:111)
	at org.testng.TestRunner.privateRun(TestRunner.java:767)
	at org.testng.TestRunner.run(TestRunner.java:617)
	at org.testng.SuiteRunner.runTest(SuiteRunner.java:334)
	at org.testng.SuiteRunner.runSequentially(SuiteRunner.java:329)
	at org.testng.SuiteRunner.privateRun(SuiteRunner.java:291)
	at org.testng.SuiteRunner.run(SuiteRunner.java:240)
	at org.testng.SuiteRunnerWorker.runSuite(SuiteRunnerWorker.java:52)
	at org.testng.SuiteRunnerWorker.run(SuiteRunnerWorker.java:86)
	at org.testng.TestNG.runSuitesSequentially(TestNG.java:1198)
	at org.testng.TestNG.runSuitesLocally(TestNG.java:1123)
	at org.testng.TestNG.run(TestNG.java:1031)
	at org.testng.remote.RemoteTestNG.run(RemoteTestNG.java:111)
	at org.testng.remote.RemoteTestNG.initAndRun(RemoteTestNG.java:204)
	at org.testng.remote.RemoteTestNG.main(RemoteTestNG.java:175)
Caused by: org.openqa.selenium.NoSuchElementException: Cannot locate an element using By.xpath: //*[@id='firstView']/div[4]/div[6]/div
For documentation on this error, please visit: http://seleniumhq.org/exceptions/no_such_element.html
Build info: version: '3.4.0', revision: 'unknown', time: 'unknown'
System info: host: 'USDLSEVDIF00482', ip: '10.23.118.184', os.name: 'Windows 7', os.arch: 'amd64', os.version: '6.1', java.version: '1.8.0_91'
Driver info: driver.version: unknown
	at org.openqa.selenium.support.ui.ExpectedConditions.lambda$findElement$0(ExpectedConditions.java:883)
	at java.util.Optional.orElseThrow(Optional.java:290)
	at org.openqa.selenium.support.ui.ExpectedConditions.findElement(ExpectedConditions.java:882)
	at org.openqa.selenium.support.ui.ExpectedConditions.access$000(ExpectedConditions.java:44)
	at org.openqa.selenium.support.ui.ExpectedConditions$7.apply(ExpectedConditions.java:206)
	at org.openqa.selenium.support.ui.ExpectedConditions$7.apply(ExpectedConditions.java:202)
	at org.openqa.selenium.support.ui.FluentWait.until(FluentWait.java:209)
	... 27 more
]]>
            </full-stacktrace>
          </exception> <!-- org.openqa.selenium.TimeoutException -->
          <reporter-output>
          </reporter-output>
        </test-method> <!-- verifyPreviewNetIncomeSum -->
        <test-method status="PASS" signature="afterTest()[pri:0, instance:com.testcases.VerifyPreviewNetIncomeSum@706a04ae]" name="afterTest" is-config="true" duration-ms="0" started-at="2018-01-03T17:45:40Z" finished-at="2018-01-03T17:45:40Z">
          <reporter-output>
          </reporter-output>
        </test-method> <!-- afterTest -->
      </class> <!-- com.testcases.VerifyPreviewNetIncomeSum -->
    </test> <!-- Default test -->
  </suite> <!-- Default suite -->
</testng-results>
